<?xml version="1.0" encoding="UTF-8"?>
<!-- Generated by org.testng.reporters.JUnitReportReporter -->
<testsuite hostname="LAPTOP-HLUE4NHK" failures="0" tests="1" name="testCases.TC_002_LoginTest" time="3.001" errors="0" timestamp="2023-03-24T17:02:55 CST" skipped="0">
  <testcase classname="testCases.TC_002_LoginTest" name="test_login" time="3.001"/>
  <system-out/>
</testsuite> <!-- testCases.TC_002_LoginTest -->
