<?xml version="1.0" encoding="UTF-8"?>
<!-- Generated by org.testng.reporters.JUnitReportReporter -->
<testsuite hostname="LAPTOP-HLUE4NHK" failures="0" tests="1" name="testCases.TC_001_AccountRegistrationTest" time="3.335" errors="0" timestamp="2023-03-24T17:02:55 CST" skipped="0">
  <testcase classname="testCases.TC_001_AccountRegistrationTest" name="test_account_Registration" time="3.335"/>
  <system-out/>
</testsuite> <!-- testCases.TC_001_AccountRegistrationTest -->
